<?xml version="1.0" encoding="UTF-8"?>
<!-- Generated by org.testng.reporters.JUnitXMLReporter -->
<testsuite ignored="0" hostname="LAPTOP-V0NE0GG6" failures="0" tests="6" name="Test" time="96.093" errors="0" timestamp="2025-08-01T00:00:39 GMT-09:00">
  <testcase classname="testscripts.LoginTest" name="verifyLoginWithInvalidCredentials" time="2.699"/>
  <testcase classname="testscripts.LoginTest" name="verifyLoginWithInvalidCredentials" time="0.844"/>
  <testcase classname="testscripts.LoginTest" name="verifyLoginWithInvalidCredentials" time="0.678"/>
  <testcase classname="testscripts.LoginTest" name="verifyLoginWithInvalidUnameAndValidPassword" time="0.69"/>
  <testcase classname="testscripts.LoginTest" name="verifyLoginWithValidUnameAndInvalidPassword" time="0.643"/>
  <testcase classname="testscripts.LoginTest" name="verifyLoginwithValidCredentials" time="7.678"/>
</testsuite> <!-- Test -->
