<?xml version="1.0" encoding="UTF-8"?>
<!-- Generated by org.testng.reporters.JUnitXMLReporter -->
<testsuite ignored="1" hostname="LAPTOP-V0NE0GG6" failures="0" tests="1" name="Default test" time="196.933" errors="0" timestamp="2025-07-28T06:32:05 GMT-09:00">
  <testcase classname="testscripts.Logintest" name="verifyloginwithincorrectpassword" time="2.161"/>
  <testcase classname="testscripts.Logintest" name="verifyloginwithcredentials" time="0.0">
    <ignored/>
  </testcase> <!-- verifyloginwithcredentials -->
</testsuite> <!-- Default test -->
