<?xml version="1.0" encoding="UTF-8"?>
<testng-results ignored="1" total="2" passed="1" failed="0" skipped="0">
  <reporter-output>
  </reporter-output>
  <suite started-at="2025-07-28T06:28:48 GMT-09:00" name="Default suite" finished-at="2025-07-28T06:32:05 GMT-09:00" duration-ms="196933">
    <groups>
    </groups>
    <test started-at="2025-07-28T06:28:48 GMT-09:00" name="Default test" finished-at="2025-07-28T06:32:05 GMT-09:00" duration-ms="196933">
      <class name="testscripts.Logintest">
        <test-method is-config="true" signature="initializeBrowser()[pri:0, instance:testscripts.Logintest@4562e04d]" started-at="2025-07-28T06:28:48 GMT-09:00" name="initializeBrowser" finished-at="2025-07-28T06:32:02 GMT-09:00" duration-ms="194119" status="PASS">
          <reporter-output>
          </reporter-output>
        </test-method> <!-- initializeBrowser -->
        <test-method signature="verifyloginwithincorrectpassword()[pri:0, instance:testscripts.Logintest@4562e04d]" started-at="2025-07-28T06:32:02 GMT-09:00" name="verifyloginwithincorrectpassword" finished-at="2025-07-28T06:32:04 GMT-09:00" duration-ms="2161" status="PASS">
          <reporter-output>
          </reporter-output>
        </test-method> <!-- verifyloginwithincorrectpassword -->
        <test-method is-config="true" signature="driverQuit()[pri:0, instance:testscripts.Logintest@4562e04d]" started-at="2025-07-28T06:32:04 GMT-09:00" name="driverQuit" finished-at="2025-07-28T06:32:05 GMT-09:00" duration-ms="439" status="PASS">
          <reporter-output>
          </reporter-output>
        </test-method> <!-- driverQuit -->
      </class> <!-- testscripts.Logintest -->
    </test> <!-- Default test -->
  </suite> <!-- Default suite -->
</testng-results>
