<?xml version="1.0" encoding="UTF-8"?>
<!-- Generated by org.testng.reporters.JUnitXMLReporter -->
<testsuite ignored="3" hostname="LAPTOP-V0NE0GG6" failures="0" tests="2" name="MyGroupTest" time="0.093" errors="0" timestamp="2025-07-21T23:50:28 GMT-09:00">
  <testcase classname="testscripts.BasicTestCase" name="testcase2" time="0.027"/>
  <testcase classname="testscripts.BasicTestCase" name="testcase4" time="0.001"/>
  <testcase classname="testscripts.BasicTestCase" name="testcase3" time="0.0">
    <ignored/>
  </testcase> <!-- testcase3 -->
  <testcase classname="testscripts.BasicTestCase" name="testcase1" time="0.0">
    <ignored/>
  </testcase> <!-- testcase1 -->
  <testcase classname="testscripts.BasicTestCase" name="testcase5" time="0.0">
    <ignored/>
  </testcase> <!-- testcase5 -->
</testsuite> <!-- MyGroupTest -->
