<?xml version="1.0" encoding="UTF-8"?>
<!-- Generated by org.testng.reporters.JUnitXMLReporter -->
<testsuite ignored="1" hostname="LAPTOP-V0NE0GG6" failures="0" tests="10" name="mytest" time="0.119" errors="0" timestamp="2025-07-18T00:37:43 GMT-09:00">
  <testcase classname="testscripts.BasicAnnotations" name="testcase1" time="0.01"/>
  <testcase classname="testscripts.BasicAnnotations" name="testcase2" time="0.002"/>
  <testcase classname="testscripts.BasicAnnotations" name="testcase3" time="0.001"/>
  <testcase classname="testscripts.BasicTestCase" name="testcase2" time="0.001"/>
  <testcase classname="testscripts.BasicTestCase" name="testcase3" time="0.001"/>
  <testcase classname="testscripts.BasicTestCase" name="testcase4" time="0.002"/>
  <testcase classname="testscripts.BasicTestCase" name="testcase5" time="0.002"/>
  <testcase classname="testscripts.DataProviderTest" name="sum" time="0.001"/>
  <testcase classname="testscripts.DataProviderTest" name="sum" time="0.002"/>
  <testcase classname="testscripts.DataProviderTest" name="sum" time="0.001"/>
  <testcase classname="testscripts.BasicTestCase" name="testcase1" time="0.0">
    <ignored/>
  </testcase> <!-- testcase1 -->
</testsuite> <!-- mytest -->
